"../../../Engine/Content/EngineFonts/Roboto.uasset" 0
"../../../Engine/Content/Functions/Engine_MaterialFunctions01/Shading/PowerToRoughness.uasset" 1
"../../../Engine/Content/Functions/Engine_MaterialFunctions01/Shading/ConvertFromDiffSpec.uasset" 2
"../../../Engine/Content/EngineMaterials/DefaultDiffuse.uasset" 3
"../../../Engine/Content/EngineMaterials/DefaultDeferredDecalMaterial.uasset" 4
"../../../Engine/Content/EngineMaterials/DefaultLightFunctionMaterial.uasset" 5
"../../../Engine/Content/Functions/Engine_MaterialFunctions02/Utility/BreakOutFloat2Components.uasset" 6
"../../../Engine/Content/EngineMaterials/DefaultPostProcessMaterial.uasset" 7
"../../../Engine/Content/EngineResources/DefaultTexture.uasset" 8
"../../../Engine/Content/Functions/Engine_MaterialFunctions01/Texturing/ScaleUVsByCenter.uasset" 9
"../../../Engine/Content/Functions/Engine_MaterialFunctions02/ScreenResolution.uasset" 10
"../../../Engine/Content/Functions/Engine_MaterialFunctions02/Texturing/ScreenAlignedUVs.uasset" 11
"../../../Engine/Content/EngineResources/WhiteSquareTexture.uasset" 12
"../../../Engine/Content/EngineMaterials/Widget3DPassThrough.uasset" 13
"../../../Engine/Content/EngineMaterials/Widget3DPassThrough_Translucent.uasset" 14
"../../../Engine/Content/EngineMaterials/Widget3DPassThrough_Translucent_OneSided.uasset" 15
"../../../Engine/Content/EngineMaterials/Widget3DPassThrough_Opaque.uasset" 16
"../../../Engine/Content/EngineMaterials/Widget3DPassThrough_Opaque_OneSided.uasset" 17
"../../../Engine/Content/EngineMaterials/Widget3DPassThrough_Masked.uasset" 18
"../../../Engine/Content/EngineMaterials/Widget3DPassThrough_Masked_OneSided.uasset" 19
"../../../Engine/Content/EditorResources/S_Actor.uasset" 20
"../../../Engine/Content/EditorMaterials/Camera/CineMat.uasset" 21
"../../../Engine/Content/EditorMaterials/Camera/MI_CineMat_Rig.uasset" 22
"../../../Engine/Content/EditorMeshes/Camera/SM_CraneRig_Base.uasset" 23
"../../../Engine/Content/EditorMeshes/Camera/SM_CraneRig_Arm.uasset" 24
"../../../Engine/Content/EditorMeshes/Camera/SM_CraneRig_Mount.uasset" 25
"../../../Engine/Content/EditorMeshes/Camera/SM_CraneRig_Body.uasset" 26
"../../../Engine/Content/EditorMeshes/Camera/SM_RailRig_Track.uasset" 27
"../../../Engine/Content/EditorMeshes/Camera/SM_RailRig_Mount.uasset" 28
"../../../Engine/Content/EngineResources/AICON-Red.uasset" 29
"../../../Engine/Content/EngineResources/AICON-Green.uasset" 30
"../../../Engine/Content/VREditor/LaserPointer/VR_LaserPower_01.uasset" 31
"../../../Engine/Content/VREditor/TransformGizmo/TransformGizmoMaterial.uasset" 32
"../../../Engine/Content/VREditor/TransformGizmo/TranslucentTransformGizmoMaterial.uasset" 33
"../../../Engine/Content/VREditor/TransformGizmo/UniformScaleHandle.uasset" 34
"../../../Engine/Content/VREditor/TransformGizmo/TranslateHandleLong.uasset" 35
"../../../Engine/Content/VREditor/TransformGizmo/PlaneTranslationHandle.uasset" 36
"../../../Engine/Content/VREditor/TransformGizmo/RotationHandleFull.uasset" 37
"../../../Engine/Content/VREditor/TransformGizmo/StretchingHandle.uasset" 38
"../../../Engine/Content/VREditor/TransformGizmo/BoundingBoxCorner.uasset" 39
"../../../Engine/Content/VREditor/TransformGizmo/BoundingBoxEdge.uasset" 40
"../../../Engine/Content/VREditor/UI/SelectionBarMesh.uasset" 41
"../../../Engine/Content/VREditor/UI/CloseButtonMesh.uasset" 42
"../../../Engine/Content/VREditor/FloatingText/LineMaterial.uasset" 43
"../../../Engine/Content/VREditor/FloatingText/LineSegmentCylinder.uasset" 44
"../../../Engine/Content/VREditor/FloatingText/JointSphere.uasset" 45
"../../../Engine/Content/VREditor/Fonts/VRText_RobotoLarge.uasset" 46
"../../../Engine/Content/VREditor/Fonts/VRTextMaterial.uasset" 47
"../../../Engine/Content/VREditor/Fonts/TranslucentVRTextMaterial.uasset" 48
"../../../Engine/Content/EngineFonts/RobotoDistanceField.uasset" 49
"../../../Engine/Content/EngineMaterials/DefaultTextMaterialOpaque.uasset" 50
"../../../Engine/Content/VREditor/TransformGizmo/TranslationHandle.uasset" 51
"../../../Engine/Content/VREditor/TransformGizmo/RotationHandle.uasset" 52
"../../../Engine/Content/VREditor/Devices/Generic/GenericHMDMaterial.uasset" 53
"../../../Engine/Content/VREditor/Devices/Generic/GenericHMD.uasset" 54
"../../../Engine/Content/Functions/Engine_MaterialFunctions01/Gradient/RadialGradient.uasset" 55
"../../../Engine/Content/EditorLandscapeResources/FlattenHeightMat.uasset" 56
"../../../Engine/Content/VREditor/WorldMovementGrid/PlaneMesh.uasset" 57
"../../../Engine/Content/VREditor/WorldMovementGrid/SimpleGrid.uasset" 58
"../../../Engine/Content/VREditor/WorldMovementGrid/GridMaterial.uasset" 59
"../../../Engine/Content/VREditor/LaserPointer/LaserPointerMaterial.uasset" 60
"../../../Engine/Content/VREditor/LaserPointer/LaserPointerMaterialInst.uasset" 61
"../../../Engine/Content/VREditor/LaserPointer/TranslucentLaserPointerMaterialInst.uasset" 62
"../../../Engine/Content/VREditor/LaserPointer/LaserPointerMesh.uasset" 63
"../../../Engine/Content/Functions/Engine_MaterialFunctions01/Density/ExponentialDensity.uasset" 64
"../../../Engine/Content/VREditor/WorldMovementGrid/GridPostProcess.uasset" 65
"../../../Engine/Content/VREditor/Sounds/VR_teleport_Cue.uasset" 66
"../../../Engine/Content/VREditor/Sounds/VR_grab_Cue.uasset" 67
"../../../Engine/Content/EngineSky/EpicQuadPanorama_CC+EV1.uasset" 68
"../../../Engine/Content/Maps/Templates/Thumbnails/Default.uasset" 69
"../../../Engine/Content/Maps/Templates/Thumbnails/VR-Basic.uasset" 70
"../../../Engine/Content/EditorMaterials/ParticleSystems/PSysThumbnail_NoImage.uasset" 71
"../../../Engine/Content/EditorMaterials/ParticleSystems/PSysThumbnail_OOD.uasset" 72
"../../../Engine/Content/EditorLandscapeResources/DataLayer.uasset" 73
"../../../Engine/Content/EngineDamageTypes/DmgTypeBP_Environmental.uasset" 74
"../../../Engine/Content/EngineMeshes/Sphere.uasset" 75
"../../../Engine/Content/EditorResources/S_Trigger.uasset" 76
"../../../Engine/Content/EngineResources/GradientTexture0.uasset" 77
"../../../Engine/Content/EngineResources/Black.uasset" 78
"../../../Engine/Content/EditorMaterials/MatineeGroups/MAT_Groups_Float.uasset" 79
"../../../Engine/Content/EditorMaterials/MatineeGroups/MAT_Groups_Director.uasset" 80
"../../../Engine/Content/EditorMaterials/MatineeGroups/MAT_Groups_Event.uasset" 81
"../../../Engine/Content/EditorMaterials/MatineeGroups/MAT_Groups_Anim.uasset" 82
"../../../Engine/Content/EditorMaterials/MatineeGroups/MAT_Groups_Fade.uasset" 83
"../../../Engine/Content/EditorMaterials/MatineeGroups/MAT_Groups_Move.uasset" 84
"../../../Engine/Content/EditorMaterials/MatineeGroups/MAT_Groups_Slomo.uasset" 85
"../../../Engine/Content/EditorMaterials/MatineeGroups/MAT_ColorTrack.uasset" 86
"../../../Engine/Content/EditorMaterials/MAT_Groups_Toggle.uasset" 87
"../../../Engine/Content/EditorMaterials/MatineeGroups/MAT_Groups_AudioMaster.uasset" 88
"../../../Engine/Content/EditorMaterials/MatineeGroups/MAT_Groups_Sound.uasset" 89
"../../../Engine/Content/EditorMaterials/MatineeGroups/MAT_Groups_Vector.uasset" 90
"../../../Engine/Content/EditorMaterials/MAT_Groups_Visibility.uasset" 91
"../../../Engine/Content/EngineResources/DefaultTextureCube.uasset" 92
"../../../Engine/Content/Functions/Engine_MaterialFunctions01/Opacity/CameraDepthFade.uasset" 93
"../../../Engine/Content/EngineMaterials/T_Default_Material_Grid_M.uasset" 94
"../../../Engine/Content/EngineMaterials/T_Default_Material_Grid_N.uasset" 95
"../../../Engine/Content/EngineMaterials/DefaultMaterial.uasset" 96
"../../../Engine/Content/EngineMeshes/Cylinder.uasset" 97
"../../../Engine/Content/EngineTireTypes/DefaultTireType.uasset" 98
"../../../Engine/Content/Tutorial/ContentIntroCurve.uasset" 99
"../../../Engine/Plugins/2D/Paper2D/Content/PlaceholderTextures/DummySpriteTexture.uasset" 100
"../../../Engine/Plugins/2D/Paper2D/Content/DefaultSpriteMaterial.uasset" 101
"../../../Engine/Plugins/2D/Paper2D/Content/MaskedUnlitSpriteMaterial.uasset" 102
"../../../Engine/Plugins/2D/Paper2D/Content/OpaqueUnlitSpriteMaterial.uasset" 103
"../../../Engine/Plugins/2D/Paper2D/Content/DummySprite.uasset" 104
"../../../Engine/Plugins/2D/Paper2D/Content/DefaultPaperTerrainMaterial.uasset" 105
"../../../Engine/Content/EngineMaterials/RemoveSurfaceMaterial.uasset" 106
"../../../Engine/Content/EngineDebugMaterials/DebugMeshMaterial.uasset" 107
"../../../Engine/Content/EngineMaterials/InvalidLightmapSettings.uasset" 108
"../../../Engine/Content/EngineMaterials/M_InvalidLightmapSettings.uasset" 109
"../../../Engine/Content/EditorMaterials/GizmoMaterial.uasset" 110
"../../../Engine/Content/EngineMaterials/PhAT_JointLimitMaterial.uasset" 111
"../../../Engine/Content/EngineMaterials/Good64x64TilingNoiseHighFreq.uasset" 112
"../../../Engine/Content/EngineMaterials/DefaultBokeh.uasset" 113
"../../../Engine/Content/EngineMaterials/PreintegratedSkinBRDF.uasset" 114
"../../../Engine/Content/EngineMaterials/MiniFont.uasset" 115
"../../../Engine/Content/EngineMaterials/WeightMapPlaceholderTexture.uasset" 116
"../../../Engine/Content/EngineMaterials/DefaultWhiteGrid.uasset" 117
"../../../Engine/Content/EngineMaterials/DefaultPhysicalMaterial.uasset" 118
"../../../Engine/Content/EngineFonts/RobotoTiny.uasset" 119
"../../../Engine/Content/EditorSounds/Notifications/CompileSuccess.uasset" 120
"../../../Engine/Content/EditorSounds/Notifications/CompileStart_Cue.uasset" 121
"../../../Engine/Content/EditorSounds/Notifications/CompileSuccess_Cue.uasset" 122
"../../../Engine/Content/EditorSounds/Notifications/CompileFailed.uasset" 123
"../../../Engine/Content/EditorSounds/Notifications/CompileFailed_Cue.uasset" 124
"../../../Engine/Content/EngineMaterials/WorldGridMaterial.uasset" 125
"../../../Engine/Content/BasicShapes/Cube.uasset" 126
"../../../Engine/Content/BasicShapes/Cylinder.uasset" 127
"../../../Engine/Content/BasicShapes/Cone.uasset" 128
"../../../Engine/Content/EditorResources/BSPVertex.uasset" 129
"../../../Engine/Content/EngineDebugMaterials/GeomMaterial.uasset" 130
"../../../Engine/Content/EngineDebugMaterials/HeatmapGradient.uasset" 131
"../../../Engine/Content/EngineDebugMaterials/BoneWeightMaterial.uasset" 132
"../../../Engine/Content/EditorMaterials/PreviewShadowIndicator.uasset" 133
"../../../Engine/Content/EditorMaterials/PreviewShadowIndicatorMaterial.uasset" 134
"../../../Engine/Content/EngineMaterials/EditorBrushMaterial.uasset" 135
"../../../Engine/Content/EditorMeshes/ColorCalibrator/M_ChromeBall.uasset" 136
"../../../Engine/Content/EditorMeshes/ColorCalibrator/M_ClearCoat.uasset" 137
"../../../Engine/Content/EditorMeshes/ColorCalibrator/M_ClearCoatBlack.uasset" 138
"../../../Engine/Content/EditorMeshes/ColorCalibrator/T_ColorGrid.uasset" 139
"../../../Engine/Content/EditorMeshes/ColorCalibrator/M_ColorGrid.uasset" 140
"../../../Engine/Content/EditorMeshes/ColorCalibrator/M_GreyBall.uasset" 141
"../../../Engine/Content/EditorMeshes/ColorCalibrator/SM_ColorCalibrator.uasset" 142
"../../../Engine/Content/MobileResources/HUD/VirtualJoystick_Background.uasset" 143
"../../../Engine/Content/MobileResources/HUD/VirtualJoystick_Thumb.uasset" 144
"../../../Engine/Content/MobileResources/HUD/DefaultVirtualJoysticks.uasset" 145
"../../../Engine/Content/Tutorial/BlueprintTutorials/TutorialAssets/Blueprint_64x.uasset" 146
"../../../Engine/Content/Tutorial/SubEditors/TutorialAssets/icon_Editor_Preferences_General_40x.uasset" 147
"../../../Engine/Content/Tutorial/Paper2D/TutorialAssets/Paper2DSprite_TutorialIcon.uasset" 148
"../../../Engine/Content/Tutorial/SubEditors/TutorialAssets/icon_ShowSkeletalMeshes_40x.uasset" 149
"../../../Engine/Content/Tutorial/Landscape/TutorialAssets/Landscape.uasset" 150
"../../../Engine/Content/Tutorial/Foliage/TutorialAssets/Foliage.uasset" 151
"../../../Engine/Content/Tutorial/Basics/TutorialAssets/icon_tab_Levels_40x.uasset" 152
"../../../Engine/Content/Tutorial/BlueprintTutorials/TutorialAssets/BlueprintMacroLibrary_64x.uasset" 153
"../../../Engine/Content/Tutorial/BlueprintTutorials/TutorialAssets/BlueprintInterface_64x.uasset" 154
"../../../Engine/Content/Tutorial/Paper2D/TutorialAssets/Paper2DFlipbook_TutorialIcon.uasset" 155
"../../../Engine/Content/MobileResources/HUD/T_Castle_ThumbstickOutter.uasset" 156
"../../../Engine/Content/MobileResources/HUD/MobileHUDDirectionStick.uasset" 157
"../../../Engine/Content/EditorResources/EmptyActor.uasset" 158
"../../../Engine/Content/MobileResources/HUD/MobileHUDDirectionPad3.uasset" 159
"../../../Engine/Content/MobileResources/HUD/MobileHUDDirectionPad2.uasset" 160
"../../../Engine/Content/MobileResources/HUD/MobileHUDDirectionPad.uasset" 161
"../../../Engine/Content/MobileResources/HUD/MobileHUDButtonFire.uasset" 162
"../../../Engine/Content/MobileResources/HUD/MobileHUDButton3.uasset" 163
"../../../Engine/Content/MobileResources/HUD/MobileHUDButton2_on.uasset" 164
"../../../Engine/Content/MobileResources/HUD/MobileHUDButton2_off.uasset" 165
"../../../Engine/Content/EngineMeshes/Cube.uasset" 166
"../../../Engine/Content/Tutorial/BlueprintTutorials/TutorialAssets/Tutorial_BP_Interface.uasset" 167
"../../../Engine/Content/EditorMeshes/EditorCube.uasset" 168
"../../../Engine/Content/Tutorial/SubEditors/TutorialAssets/Tutorial_DM.uasset" 169
"../../../Engine/Content/Tutorial/SubEditors/TutorialAssets/TutorialMaterial.uasset" 170
"../../../Engine/Content/Tutorial/SubEditors/TutorialAssets/T_SmokeSubUV_8X8.uasset" 171
"../../../Engine/Content/Tutorial/SubEditors/TutorialAssets/T_soft_smoke.uasset" 172
"../../../Engine/Content/Tutorial/SubEditors/TutorialAssets/M_smoke_subUV_blackbody.uasset" 173
"../../../Engine/Content/Tutorial/SubEditors/TutorialAssets/TutorialParticleSystem.uasset" 174
"../../../Engine/Content/MobileResources/HUD/LeftVirtualJoystickOnly.uasset" 175
"../../../Engine/Content/MobileResources/HUD/AnalogHat.uasset" 176
"../../../Engine/Content/MobileResources/T_MobileMenu2.uasset" 177
"../../../Engine/Content/MobileResources/T_MobileControls_texture.uasset" 178
"../../../Engine/Content/MobileResources/HUD/T_Castle_ThumbstickInner.uasset" 179
"../../../Engine/Content/MobileResources/HUD/MobileHUDButton1_on.uasset" 180
"../../../Engine/Content/MobileResources/HUD/MobileHUDButton1_off.uasset" 181
"../../../Engine/Content/EngineMaterials/DefaultNormal.uasset" 182
"../../../Engine/Content/Maps/Entry.umap" 183
"../../../TwinStickShooter/Content/AnimationAssets/UE4_Mannequin/Mesh/UE4_Mannequin_Skeleton.uasset" 184
"../../../TwinStickShooter/Content/AnimationAssets/Death_1.uasset" 185
"../../../TwinStickShooter/Content/AnimationAssets/Death_2.uasset" 186
"../../../TwinStickShooter/Content/AnimationAssets/Death_3.uasset" 187
"../../../TwinStickShooter/Content/AnimationAssets/Idle_Rifle_Hip.uasset" 188
"../../../TwinStickShooter/Content/AnimationAssets/Jog_Bwd_Rifle.uasset" 189
"../../../TwinStickShooter/Content/AnimationAssets/Jog_Fwd_Rifle.uasset" 190
"../../../TwinStickShooter/Content/AnimationAssets/Jog_Lt_Rifle.uasset" 191
"../../../TwinStickShooter/Content/AnimationAssets/Jog_Rt_Rifle.uasset" 192
"../../../TwinStickShooter/Content/AnimationAssets/HeroBlend.uasset" 193
"../../../Engine/Content/EditorBlueprintResources/StandardMacros.uasset" 194
"../../../TwinStickShooter/Content/AnimationAssets/CharacterAnimBP.uasset" 195
"../../../TwinStickShooter/Content/AnimationAssets/Enemy_Idle.uasset" 196
"../../../TwinStickShooter/Content/AnimationAssets/Enemy_Walk.uasset" 197
"../../../TwinStickShooter/Content/AnimationAssets/EnemyBlend.uasset" 198
"../../../TwinStickShooter/Content/AnimationAssets/EnemyAnimBP.uasset" 199
"../../../TwinStickShooter/Content/Blueprints/EnemyAI.uasset" 200
"../../../TwinStickShooter/Content/StarterContent/Audio/Explosion_Cue.uasset" 201
"../../../TwinStickShooter/Content/StarterContent/Textures/T_Burst_M.uasset" 202
"../../../TwinStickShooter/Content/StarterContent/Particles/Materials/M_Burst.uasset" 203
"../../../TwinStickShooter/Content/StarterContent/Textures/T_Explosion_SubUV.uasset" 204
"../../../TwinStickShooter/Content/StarterContent/Particles/Materials/M_explosion_subUV.uasset" 205
"../../../TwinStickShooter/Content/StarterContent/Particles/Materials/m_flare_01.uasset" 206
"../../../TwinStickShooter/Content/StarterContent/Particles/Materials/M_radial_ramp.uasset" 207
"../../../TwinStickShooter/Content/StarterContent/Textures/T_Smoke_SubUV.uasset" 208
"../../../TwinStickShooter/Content/StarterContent/Textures/T_Smoke_Tiled_D.uasset" 209
"../../../TwinStickShooter/Content/StarterContent/Particles/Materials/M_smoke_subUV.uasset" 210
"../../../TwinStickShooter/Content/StarterContent/Particles/P_Explosion.uasset" 211
"../../../TwinStickShooter/Content/Blueprints/Explosion.uasset" 212
"../../../TwinStickShooter/Content/Blueprints/iDamageable.uasset" 213
"../../../TwinStickShooter/Content/Blueprints/EnemySpawner.uasset" 214
"../../../TwinStickShooter/Content/Blueprints/TwinStickMode.uasset" 215
"../../../TwinStickShooter/Content/Materials/ProjectileMat.uasset" 216
"../../../Engine/Content/BasicShapes/Sphere.uasset" 217
"../../../TwinStickShooter/Content/StarterContent/Particles/Materials/M_Radial_Gradient.uasset" 218
"../../../TwinStickShooter/Content/StarterContent/Textures/T_Spark_Core.uasset" 219
"../../../TwinStickShooter/Content/StarterContent/Particles/Materials/M_Spark.uasset" 220
"../../../TwinStickShooter/Content/StarterContent/Particles/LaserSparks.uasset" 221
"../../../TwinStickShooter/Content/Blueprints/Projectile.uasset" 222
"../../../Engine/Content/Functions/Engine_MaterialFunctions01/Shading/MetallicShading.uasset" 223
"../../../Engine/Content/Functions/Engine_MaterialFunctions02/Utility/BlendAngleCorrectedNormals.uasset" 224
"../../../Engine/Content/Functions/MaterialLayerFunctions/MatLayerBlend_AO.uasset" 225
"../../../Engine/Content/Functions/MaterialLayerFunctions/MatLayerBlend_NormalBlend.uasset" 226
"../../../Engine/Content/Functions/MaterialLayerFunctions/MatLayerBlend_Simple.uasset" 227
"../../../TwinStickShooter/Content/FPWeapon/Materials/MF_BaseColorTintAndContrast.uasset" 228
"../../../TwinStickShooter/Content/FPWeapon/Materials/MF_RoughnessAdjustment.uasset" 229
"../../../TwinStickShooter/Content/FPWeapon/Materials/MaterialLayers/T_ML_FineRubber.uasset" 230
"../../../TwinStickShooter/Content/FPWeapon/Materials/MaterialLayers/T_ML_Rubber_Blue_01_D.uasset" 231
"../../../TwinStickShooter/Content/FPWeapon/Materials/MaterialLayers/T_ML_Rubber_Blue_01_N.uasset" 232
"../../../TwinStickShooter/Content/FPWeapon/Textures/UE4_Mannequin_occlusion_Mobile.uasset" 233
"../../../TwinStickShooter/Content/FPWeapon/Materials/MaterialLayers/ML_GlossyBlack_Latex_UE4.uasset" 234
"../../../TwinStickShooter/Content/FPWeapon/Materials/MaterialLayers/ML_Plastic_Shiny_Beige.uasset" 235
"../../../TwinStickShooter/Content/FPWeapon/Textures/UE4_LOGO_CARD.uasset" 236
"../../../TwinStickShooter/Content/FPWeapon/Materials/MaterialLayers/ML_Plastic_Shiny_Beige_LOGO.uasset" 237
"../../../TwinStickShooter/Content/FPWeapon/Materials/MaterialLayers/T_ML_Aluminum01.uasset" 238
"../../../TwinStickShooter/Content/FPWeapon/Materials/MaterialLayers/T_ML_Aluminum01_N.uasset" 239
"../../../TwinStickShooter/Content/FPWeapon/Materials/MaterialLayers/ML_SoftMetal_UE4.uasset" 240
"../../../TwinStickShooter/Content/FPWeapon/Textures/T_FPGun_AO.uasset" 241
"../../../TwinStickShooter/Content/FPWeapon/Textures/T_FPGun_M.uasset" 242
"../../../TwinStickShooter/Content/FPWeapon/Textures/T_FPGun_N.uasset" 243
"../../../TwinStickShooter/Content/FPWeapon/Materials/M_FPGun.uasset" 244
"../../../TwinStickShooter/Content/FPWeapon/Materials/MI_FPGun.uasset" 245
"../../../TwinStickShooter/Content/FPWeapon/Mesh/SK_FPGun_PhysicsAsset.uasset" 246
"../../../TwinStickShooter/Content/FPWeapon/Mesh/SK_FPGun_Skeleton.uasset" 247
"../../../TwinStickShooter/Content/FPWeapon/Mesh/SK_FPGun.uasset" 248
"../../../TwinStickShooter/Content/Blueprints/Weapon.uasset" 249
"../../../TwinStickShooter/Content/AnimationAssets/UE4_Mannequin/Materials/MaterialLayers/T_ML_Rubber_Blue_01_D.uasset" 250
"../../../TwinStickShooter/Content/AnimationAssets/UE4_Mannequin/Materials/MaterialLayers/T_ML_Rubber_Blue_01_N.uasset" 251
"../../../TwinStickShooter/Content/AnimationAssets/UE4_Mannequin/Materials/MaterialLayers/ML_GlossyBlack_Latex_UE4.uasset" 252
"../../../TwinStickShooter/Content/AnimationAssets/UE4_Mannequin/Materials/MaterialLayers/ML_Plastic_Shiny_Beige.uasset" 253
"../../../TwinStickShooter/Content/AnimationAssets/UE4_Mannequin/Textures/UE4_LOGO_CARD.uasset" 254
"../../../TwinStickShooter/Content/AnimationAssets/UE4_Mannequin/Materials/MaterialLayers/ML_Plastic_Shiny_Beige_LOGO.uasset" 255
"../../../TwinStickShooter/Content/AnimationAssets/UE4_Mannequin/Materials/MaterialLayers/T_ML_Aluminum01.uasset" 256
"../../../TwinStickShooter/Content/AnimationAssets/UE4_Mannequin/Materials/MaterialLayers/T_ML_Aluminum01_N.uasset" 257
"../../../TwinStickShooter/Content/AnimationAssets/UE4_Mannequin/Materials/MaterialLayers/ML_SoftMetal_UE4.uasset" 258
"../../../TwinStickShooter/Content/AnimationAssets/UE4_Mannequin/Textures/UE4_Mannequin__normals.uasset" 259
"../../../TwinStickShooter/Content/AnimationAssets/UE4_Mannequin/Textures/UE4_Mannequin_MAT_MASKA.uasset" 260
"../../../TwinStickShooter/Content/AnimationAssets/UE4_Mannequin/Textures/UE4_Mannequin_occlusion_Mobile.uasset" 261
"../../../TwinStickShooter/Content/AnimationAssets/UE4_Mannequin/Materials/M_UE4Man_Body.uasset" 262
"../../../TwinStickShooter/Content/AnimationAssets/UE4_Mannequin/Textures/UE4Man_Logo_N.uasset" 263
"../../../TwinStickShooter/Content/AnimationAssets/UE4_Mannequin/Materials/M_UE4Man_ChestLogo.uasset" 264
"../../../TwinStickShooter/Content/AnimationAssets/UE4_Mannequin/Mesh/SK_Mannequin_PhysicsAsset.uasset" 265
"../../../TwinStickShooter/Content/AnimationAssets/UE4_Mannequin/Mesh/SK_Mannequin.uasset" 266
"../../../TwinStickShooter/Content/Blueprints/TwinStickHUD.uasset" 267
"../../../TwinStickShooter/Content/Blueprints/HeroCharacter.uasset" 268
"../../../TwinStickShooter/Content/Blueprints/EnemyCharacter.uasset" 269
"../../../TwinStickShooter/Content/StarterContent/Textures/T_Brick_Clay_New_D.uasset" 270
"../../../TwinStickShooter/Content/StarterContent/Textures/T_Brick_Clay_New_M.uasset" 271
"../../../TwinStickShooter/Content/StarterContent/Textures/T_Brick_Clay_New_N.uasset" 272
"../../../TwinStickShooter/Content/StarterContent/Textures/T_Detail_Rocky_N.uasset" 273
"../../../TwinStickShooter/Content/StarterContent/Textures/T_MacroVariation.uasset" 274
"../../../TwinStickShooter/Content/StarterContent/Materials/M_Brick_Clay_New.uasset" 275
"../../../TwinStickShooter/Content/StarterContent/Textures/T_Concrete_Tiles_D.uasset" 276
"../../../TwinStickShooter/Content/StarterContent/Textures/T_Concrete_Tiles_M.uasset" 277
"../../../TwinStickShooter/Content/StarterContent/Textures/T_Concrete_Tiles_N.uasset" 278
"../../../TwinStickShooter/Content/StarterContent/Textures/T_Concrete_Tiles_Variation_M.uasset" 279
"../../../TwinStickShooter/Content/StarterContent/Materials/M_Concrete_Tiles.uasset" 280
"../../../TwinStickShooter/Content/StarterContent/HDRI/HDRI_Epic_Courtyard_Daylight.uasset" 281
"../../../TwinStickShooter/Content/Maps/ArenaMap.umap" 282
